<?xml version="1.0" encoding="UTF-8"?>
<!-- Generated by org.testng.reporters.JUnitXMLReporter -->
<testsuite ignored="0" hostname="HP" failures="0" tests="3" name="Firefox" time="18.435" errors="0" timestamp="2022-06-30T17:19:23 IST">
  <testcase classname="test.ToVerifyWatchbuttonTestNG" name="@AfterMethod signOutApplication" time="0.634">
    <failure type="org.openqa.selenium.WebDriverException" message="TypeError: rect is undefined
Build info: version: &amp;apos;3.141.59&amp;apos;, revision: &amp;apos;e82be7d358&amp;apos;, time: &amp;apos;2018-11-14T08:17:03&amp;apos;
System info: host: &amp;apos;HP&amp;apos;, ip: &amp;apos;192.168.0.101&amp;apos;, os.name: &amp;apos;Windows 11&amp;apos;, os.arch: &amp;apos;amd64&amp;apos;, os.version: &amp;apos;10.0&amp;apos;, java.version: &amp;apos;17.0.2&amp;apos;
Driver info: org.openqa.selenium.firefox.FirefoxDriver
Capabilities {acceptInsecureCerts: true, browserName: firefox, browserVersion: 101.0.1, javascriptEnabled: true, moz:accessibilityChecks: false, moz:buildID: 20220608170832, moz:geckodriverVersion: 0.31.0, moz:headless: false, moz:processID: 3852, moz:profile: C:\Users\sonal\AppData\Loca..., moz:shutdownTimeout: 60000, moz:useNonSpecCompliantPointerOrigin: false, moz:webdriverClick: true, pageLoadStrategy: normal, platform: WINDOWS, platformName: WINDOWS, platformVersion: 10.0, proxy: Proxy(), setWindowRect: true, strictFileInteractability: false, timeouts: {implicit: 0, pageLoad: 300000, script: 30000}, unhandledPromptBehavior: dismiss and notify}
Session ID: c570c1f4-a525-4c73-abe7-0f8b2b21469b">
      <![CDATA[org.openqa.selenium.WebDriverException: TypeError: rect is undefined
Build info: version: '3.141.59', revision: 'e82be7d358', time: '2018-11-14T08:17:03'
System info: host: 'HP', ip: '192.168.0.101', os.name: 'Windows 11', os.arch: 'amd64', os.version: '10.0', java.version: '17.0.2'
Driver info: org.openqa.selenium.firefox.FirefoxDriver
Capabilities {acceptInsecureCerts: true, browserName: firefox, browserVersion: 101.0.1, javascriptEnabled: true, moz:accessibilityChecks: false, moz:buildID: 20220608170832, moz:geckodriverVersion: 0.31.0, moz:headless: false, moz:processID: 3852, moz:profile: C:\Users\sonal\AppData\Loca..., moz:shutdownTimeout: 60000, moz:useNonSpecCompliantPointerOrigin: false, moz:webdriverClick: true, pageLoadStrategy: normal, platform: WINDOWS, platformName: WINDOWS, platformVersion: 10.0, proxy: Proxy(), setWindowRect: true, strictFileInteractability: false, timeouts: {implicit: 0, pageLoad: 300000, script: 30000}, unhandledPromptBehavior: dismiss and notify}
Session ID: c570c1f4-a525-4c73-abe7-0f8b2b21469b
at org.openqa.selenium.remote.http.W3CHttpResponseCodec.createException(W3CHttpResponseCodec.java:187)
at org.openqa.selenium.remote.http.W3CHttpResponseCodec.decode(W3CHttpResponseCodec.java:122)
at org.openqa.selenium.remote.http.W3CHttpResponseCodec.decode(W3CHttpResponseCodec.java:49)
at org.openqa.selenium.remote.HttpCommandExecutor.execute(HttpCommandExecutor.java:158)
at org.openqa.selenium.remote.service.DriverCommandExecutor.execute(DriverCommandExecutor.java:83)
at org.openqa.selenium.remote.RemoteWebDriver.execute(RemoteWebDriver.java:552)
at org.openqa.selenium.remote.RemoteWebDriver.perform(RemoteWebDriver.java:618)
at org.openqa.selenium.interactions.Actions$BuiltAction.perform(Actions.java:639)
at pom.Header.signOut(Header.java:70)
at test.ToVerifyWatchbuttonTestNG.signOutApplication(ToVerifyWatchbuttonTestNG.java:160)
at java.base/java.util.ArrayList.forEach(ArrayList.java:1511)
... Removed 37 stack frames]]>
    </failure>
  </testcase> <!-- @AfterMethod signOutApplication -->
  <testcase classname="test.ToVerifyWatchbuttonTestNG" name="@BeforeMethod signinToApplication" time="-1.656589763794E9">
    <skipped/>
  </testcase> <!-- @BeforeMethod signinToApplication -->
  <testcase classname="test.ToVerifyWatchbuttonTestNG" name="@AfterMethod signOutApplication" time="-1.656589763798E9">
    <skipped/>
  </testcase> <!-- @AfterMethod signOutApplication -->
  <testcase classname="test.ToVerifyWatchbuttonTestNG" name="@BeforeMethod signinToApplication" time="-1.656589763799E9">
    <skipped/>
  </testcase> <!-- @BeforeMethod signinToApplication -->
  <testcase classname="test.ToVerifyWatchbuttonTestNG" name="@AfterMethod signOutApplication" time="-1.656589763804E9">
    <skipped/>
  </testcase> <!-- @AfterMethod signOutApplication -->
  <testcase classname="test.ToVerifyWatchbuttonTestNG" name="@AfterClass clearObject" time="-1.656589763805E9">
    <skipped/>
  </testcase> <!-- @AfterClass clearObject -->
  <testcase classname="test.ToVerifyWatchbuttonTestNG" name="@AfterTest closedBrowser" time="-1.656589763808E9">
    <skipped/>
  </testcase> <!-- @AfterTest closedBrowser -->
  <testcase classname="test.ToVerifyWatchbuttonTestNG" name="toVerifyWatch" time="8.465"/>
  <testcase classname="test.ToVerifyWatchbuttonTestNG" name="toVerifyMobiles" time="0.0">
    <skipped/>
  </testcase> <!-- toVerifyMobiles -->
  <testcase classname="test.ToVerifyWatchbuttonTestNG" name="toVerifyFashionButton" time="0.0">
    <skipped/>
  </testcase> <!-- toVerifyFashionButton -->
</testsuite> <!-- Firefox -->
