<?xml version="1.0" encoding="UTF-8"?>
<!-- Generated by org.testng.reporters.JUnitXMLReporter -->
<testsuite ignored="1" hostname="HP" failures="1" tests="7" name="Test123" time="3.075" errors="0" timestamp="2022-06-29T12:23:01 IST">
  <testcase classname="pack123.TestClass" name="testB" time="0.006"/>
  <testcase classname="pack123.TestClass" name="testC" time="3.007">
    <failure type="org.testng.internal.thread.ThreadTimeoutException" message="Method pack123.TestClass.testC() didn&amp;apos;t finish within the time-out 3000">
      <![CDATA[org.testng.internal.thread.ThreadTimeoutException: Method pack123.TestClass.testC() didn't finish within the time-out 3000
at java.base/java.util.ArrayList.forEach(ArrayList.java:1511)
... Removed 24 stack frames]]>
    </failure>
  </testcase> <!-- testC -->
  <testcase classname="pack123.TestClass" name="testA" time="0.002"/>
  <testcase classname="pack123.TestClass123" name="test4" time="0.003"/>
  <testcase classname="pack123.TestClass123" name="test4" time="0.002"/>
  <testcase classname="pack123.TestClass123" name="test3" time="0.002"/>
  <testcase classname="pack123.TestClass123" name="test2" time="0.002"/>
  <testcase classname="pack123.TestClass123" name="test1" time="0.0">
    <ignored/>
  </testcase> <!-- test1 -->
</testsuite> <!-- Test123 -->
